<?xml version="1.0" encoding="UTF-8"?>
<!-- Generated by org.testng.reporters.JUnitReportReporter -->
<testsuite hostname="kedar-PC" name="Sample.PetClinicTest" tests="1" failures="0" timestamp="17 Sep 2016 15:19:20 GMT" time="146.606" errors="0">
  <testcase name="testEasy" time="146.606" classname="Sample.PetClinicTest"/>
</testsuite> <!-- Sample.PetClinicTest -->
