<?xml version="1.0" encoding="UTF-8"?>
<!-- Generated by org.testng.reporters.JUnitReportReporter -->
<testsuite hostname="kedar-PC" name="Sample.PetClinicTest" tests="1" failures="0" timestamp="17 Sep 2016 12:17:08 GMT" time="83.897" errors="0">
  <testcase name="testEasy" time="83.897" classname="Sample.PetClinicTest"/>
</testsuite> <!-- Sample.PetClinicTest -->
